c:\users\hylan\onedrive\documents\oop244\oop244-works\ms5\x64\debug\vc143.pdb
c:\users\hylan\onedrive\documents\oop244\oop244-works\ms5\x64\debug\vc143.idb
c:\users\hylan\onedrive\documents\oop244\oop244-works\ms5\x64\debug\vehicle.obj
c:\users\hylan\onedrive\documents\oop244\oop244-works\ms5\x64\debug\utils.obj
c:\users\hylan\onedrive\documents\oop244\oop244-works\ms5\x64\debug\readwritable.obj
c:\users\hylan\onedrive\documents\oop244\oop244-works\ms5\x64\debug\parkingapptester_prof.obj
c:\users\hylan\onedrive\documents\oop244\oop244-works\ms5\x64\debug\parkingapptester.obj
c:\users\hylan\onedrive\documents\oop244\oop244-works\ms5\x64\debug\parking.obj
c:\users\hylan\onedrive\documents\oop244\oop244-works\ms5\x64\debug\motorcycle.obj
c:\users\hylan\onedrive\documents\oop244\oop244-works\ms5\x64\debug\menu.obj
c:\users\hylan\onedrive\documents\oop244\oop244-works\ms5\x64\debug\main.obj
c:\users\hylan\onedrive\documents\oop244\oop244-works\ms5\x64\debug\car.obj
c:\users\hylan\onedrive\documents\oop244\oop244-works\ms5\x64\debug\ms5.exe
c:\users\hylan\onedrive\documents\oop244\oop244-works\ms5\x64\debug\ms5.ilk
c:\users\hylan\onedrive\documents\oop244\oop244-works\ms5\x64\debug\ms5.pdb
c:\users\hylan\onedrive\documents\oop244\oop244-works\ms5\x64\debug\parking.obj.enc
c:\users\hylan\onedrive\documents\oop244\oop244-works\ms5\x64\debug\ms5.tlog\cl.command.1.tlog
c:\users\hylan\onedrive\documents\oop244\oop244-works\ms5\x64\debug\ms5.tlog\cl.read.1.tlog
c:\users\hylan\onedrive\documents\oop244\oop244-works\ms5\x64\debug\ms5.tlog\cl.write.1.tlog
c:\users\hylan\onedrive\documents\oop244\oop244-works\ms5\x64\debug\ms5.tlog\link.command.1.tlog
c:\users\hylan\onedrive\documents\oop244\oop244-works\ms5\x64\debug\ms5.tlog\link.read.1.tlog
c:\users\hylan\onedrive\documents\oop244\oop244-works\ms5\x64\debug\ms5.tlog\link.write.1.tlog
